This file contains any messages produced by compilers while
running configure, to aid debugging if configure makes a mistake.

It was created by configure, which was
generated by GNU Autoconf 2.50.  Invocation command line was

  $ ./configure 

## ---------- ##
## Platform.  ##
## ---------- ##

hostname = KevZs-MacBook-Pro.local
uname -m = i386
uname -r = 10.8.0
uname -s = Darwin
uname -v = Darwin Kernel Version 10.8.0: Tue Jun  7 16:33:36 PDT 2011; root:xnu-1504.15.3~1/RELEASE_I386

/usr/bin/uname -p = i386
/bin/uname -X     = unknown

/bin/arch              = unknown
/usr/bin/arch -k       = unknown
/usr/convex/getsysinfo = unknown
hostinfo               = Mach kernel version:
	 Darwin Kernel Version 10.8.0: Tue Jun  7 16:33:36 PDT 2011; root:xnu-1504.15.3~1/RELEASE_I386
Kernel configured for up to 2 processors.
2 processors are physically available.
2 processors are logically available.
Processor type: i486 (Intel 80486)
Processors active: 0 1
Primary memory available: 4.00 gigabytes
Default processor set: 107 tasks, 605 threads, 2 processors
Load average: 1.44, Mach factor: 1.03
/bin/machine           = unknown
/usr/bin/oslevel       = unknown
/bin/universe          = unknown

PATH = /opt/local/bin:/opt/local/sbin:/usr/bin:/bin:/usr/sbin:/sbin:/usr/local/bin:/opt/X11/bin:/usr/local/git/bin:/usr/texbin:/usr/X11/bin

## ------------ ##
## Core tests.  ##
## ------------ ##

configure:889: PATH=".;."; conftest.sh
./configure: line 890: conftest.sh: command not found
configure:892: $? = 127
configure:938: checking for a BSD compatible install
configure:987: result: /usr/bin/install -c
configure:998: checking whether build environment is sane
configure:1041: result: yes
configure:1062: checking whether make sets ${MAKE}
configure:1082: result: yes
configure:1110: checking for working aclocal
configure:1117: result: found
configure:1125: checking for working autoconf
configure:1132: result: found
configure:1140: checking for working automake
configure:1147: result: found
configure:1155: checking for working autoheader
configure:1162: result: found
configure:1170: checking for working makeinfo
configure:1177: result: found
configure:1232: checking for gcc
configure:1247: found /usr/bin/gcc
configure:1255: result: gcc
configure:1499: checking for C compiler default output
configure:1502: gcc    conftest.c  >&5
configure:1505: $? = 0
configure:1528: result: a.out
configure:1533: checking whether the C compiler works
configure:1539: ./a.out
configure:1542: $? = 0
configure:1557: result: yes
configure:1564: checking whether we are cross compiling
configure:1566: result: no
configure:1569: checking for executable suffix
configure:1571: gcc -o conftest    conftest.c  >&5
configure:1574: $? = 0
configure:1596: result: 
configure:1602: checking for object suffix
configure:1620: gcc -c   conftest.c >&5
configure:1623: $? = 0
configure:1642: result: o
configure:1646: checking whether we are using the GNU C compiler
configure:1667: gcc -c   conftest.c >&5
configure:1670: $? = 0
configure:1673: test -s conftest.o
configure:1676: $? = 0
configure:1688: result: yes
configure:1694: checking whether gcc accepts -g
configure:1712: gcc -c -g  conftest.c >&5
configure:1715: $? = 0
configure:1718: test -s conftest.o
configure:1721: $? = 0
configure:1731: result: yes
configure:1758: gcc -c -g -O2  conftest.c >&5
conftest.c:2: error: expected '=', ',', ';', 'asm' or '__attribute__' before 'me'
configure:1761: $? = 1
configure: failed program was:
#ifndef __cplusplus
  choke me
#endif
configure:1861: checking how to run the C preprocessor
configure:1888: gcc -E  conftest.c
configure:1894: $? = 0
configure:1921: gcc -E  conftest.c
configure:1918:28: error: ac_nonexistent.h: No such file or directory
configure:1927: $? = 1
configure: failed program was:
#line 1917 "configure"
#include "confdefs.h"
#include <ac_nonexistent.h>
configure:1964: result: gcc -E
configure:1979: gcc -E  conftest.c
configure:1985: $? = 0
configure:2012: gcc -E  conftest.c
configure:2009:28: error: ac_nonexistent.h: No such file or directory
configure:2018: $? = 1
configure: failed program was:
#line 2008 "configure"
#include "confdefs.h"
#include <ac_nonexistent.h>
configure:2057: checking for ANSI C header files
configure:2071: gcc -E  conftest.c
configure:2077: $? = 0
configure:2164: gcc -o conftest -g -O2   conftest.c  >&5
configure: In function 'main':
configure:2156: warning: incompatible implicit declaration of built-in function 'exit'
configure:2167: $? = 0
configure:2169: ./conftest
configure:2172: $? = 0
configure:2185: result: yes
configure:2198: checking for limits.h
configure:2208: gcc -E  conftest.c
configure:2214: $? = 0
configure:2233: result: yes
configure:2198: checking for sys/time.h
configure:2208: gcc -E  conftest.c
configure:2214: $? = 0
configure:2233: result: yes
configure:2198: checking for unistd.h
configure:2208: gcc -E  conftest.c
configure:2214: $? = 0
configure:2233: result: yes
configure:2243: checking for gcc option to accept ANSI C
configure:2300: gcc  -c -g -O2  conftest.c >&5
configure:2303: $? = 0
configure:2306: test -s conftest.o
configure:2309: $? = 0
configure:2326: result: none needed
configure:2334: checking for an ANSI C-conforming const
configure:2398: gcc -c -g -O2  conftest.c >&5
configure:2401: $? = 0
configure:2404: test -s conftest.o
configure:2407: $? = 0
configure:2417: result: yes
configure:2427: checking for uid_t in sys/types.h
configure:2447: result: yes
configure:2461: checking for working memcmp
configure:2506: gcc -o conftest -g -O2   conftest.c  >&5
configure: In function 'main':
configure:2479: warning: incompatible implicit declaration of built-in function 'exit'
configure:2492: warning: incompatible implicit declaration of built-in function 'strcpy'
configure:2509: $? = 0
configure:2511: ./conftest
configure:2514: $? = 0
configure:2526: result: yes
configure:2533: checking for strcspn
configure:2570: gcc -o conftest -g -O2   conftest.c  >&5
configure:2549: warning: conflicting types for built-in function 'strcspn'
configure:2573: $? = 0
configure:2576: test -s conftest
configure:2579: $? = 0
configure:2589: result: yes
configure:2533: checking for strerror
configure:2570: gcc -o conftest -g -O2   conftest.c  >&5
configure:2573: $? = 0
configure:2576: test -s conftest
configure:2579: $? = 0
configure:2589: result: yes
configure:2533: checking for strspn
configure:2570: gcc -o conftest -g -O2   conftest.c  >&5
configure:2549: warning: conflicting types for built-in function 'strspn'
configure:2573: $? = 0
configure:2576: test -s conftest
configure:2579: $? = 0
configure:2589: result: yes
configure:2533: checking for strstr
configure:2570: gcc -o conftest -g -O2   conftest.c  >&5
configure:2549: warning: conflicting types for built-in function 'strstr'
configure:2573: $? = 0
configure:2576: test -s conftest
configure:2579: $? = 0
configure:2589: result: yes
configure:2679: creating ./config.status

## ----------------------- ##
## Running config.status.  ##
## ----------------------- ##

This file was extended by config.status 2.50, executed with
  > ./config.status 
on KevZs-MacBook-Pro.local

config.status:3121: creating Makefile
config.status:3121: creating src/Makefile
config.status:3213: creating config.h

## ----------------- ##
## Cache variables.  ##
## ----------------- ##

ac_cv_c_compiler_gnu=yes
ac_cv_c_const=yes
ac_cv_env_CC_set=
ac_cv_env_CC_value=
ac_cv_env_CFLAGS_set=
ac_cv_env_CFLAGS_value=
ac_cv_env_CPPFLAGS_set=
ac_cv_env_CPPFLAGS_value=
ac_cv_env_CPP_set=
ac_cv_env_CPP_value=
ac_cv_env_LDFLAGS_set=
ac_cv_env_LDFLAGS_value=
ac_cv_env_build_alias_set=
ac_cv_env_build_alias_value=
ac_cv_env_host_alias_set=
ac_cv_env_host_alias_value=
ac_cv_env_target_alias_set=
ac_cv_env_target_alias_value=
ac_cv_func_memcmp_working=yes
ac_cv_func_strcspn=yes
ac_cv_func_strerror=yes
ac_cv_func_strspn=yes
ac_cv_func_strstr=yes
ac_cv_header_limits_h=yes
ac_cv_header_stdc=yes
ac_cv_header_sys_time_h=yes
ac_cv_header_unistd_h=yes
ac_cv_objext=o
ac_cv_path_install='/usr/bin/install -c'
ac_cv_prog_CPP='gcc -E'
ac_cv_prog_ac_ct_CC=gcc
ac_cv_prog_cc_g=yes
ac_cv_prog_cc_stdc=
ac_cv_prog_make_make_set=yes
ac_cv_type_uid_t=yes

## ------------ ##
## confdefs.h.  ##
## ------------ ##

#define PACKAGE "espresso-ab"
#define VERSION "1.0"
#define STDC_HEADERS 1
#define HAVE_LIMITS_H 1
#define HAVE_SYS_TIME_H 1
#define HAVE_UNISTD_H 1
#define HAVE_STRCSPN 1
#define HAVE_STRERROR 1
#define HAVE_STRSPN 1
#define HAVE_STRSTR 1


configure: exit 0
